<?xml version="1.0" encoding="UTF-8"?>
<!-- Generated by org.testng.reporters.JUnitReportReporter -->
<testsuite hostname="ADMINRG-8TM2G52" name="RequestPackage.RestAPIPostRequest" tests="1" failures="0" timestamp="14 Aug 2021 08:15:00 GMT" time="6.437" errors="1">
  <testcase name="Post" time="6.437" classname="RequestPackage.RestAPIPostRequest">
    <error type="java.lang.IllegalArgumentException" message="Invalid JSON expression:
Script1.groovy: 1: expecting &#039;}&#039;, found &#039;:&#039; @ line 1, column 34.
                            {&quot;name&quot;:&quot;morpheus&quot;,&quot;job&quot;:&quot;leader&quot;,&quot;id&quot;:&quot;192&quot;,&quot;createdAt&quot;:&quot;2021-08-14T08:15:00.781Z&quot;}
                                    ^

1 error
">
      <![CDATA[java.lang.IllegalArgumentException: Invalid JSON expression:
Script1.groovy: 1: expecting '}', found ':' @ line 1, column 34.
                            {"name":"morpheus","job":"leader","id":"192","createdAt":"2021-08-14T08:15:00.781Z"}
                                    ^

1 error

	at sun.reflect.NativeConstructorAccessorImpl.newInstance0(Native Method)
	at sun.reflect.NativeConstructorAccessorImpl.newInstance(Unknown Source)
	at sun.reflect.DelegatingConstructorAccessorImpl.newInstance(Unknown Source)
	at java.lang.reflect.Constructor.newInstance(Unknown Source)
	at org.codehaus.groovy.reflection.CachedConstructor.invoke(CachedConstructor.java:80)
	at org.codehaus.groovy.runtime.callsite.ConstructorSite$ConstructorSiteNoUnwrapNoCoerce.callConstructor(ConstructorSite.java:105)
	at org.codehaus.groovy.runtime.callsite.CallSiteArray.defaultCallConstructor(CallSiteArray.java:59)
	at org.codehaus.groovy.runtime.callsite.AbstractCallSite.callConstructor(AbstractCallSite.java:237)
	at org.codehaus.groovy.runtime.callsite.AbstractCallSite.callConstructor(AbstractCallSite.java:257)
	at io.restassured.internal.path.json.JSONAssertion.getAsJsonObject(JSONAssertion.groovy:57)
	at io.restassured.internal.path.json.JSONAssertion$getAsJsonObject.callCurrent(Unknown Source)
	at io.restassured.internal.path.json.JSONAssertion.getResult(JSONAssertion.groovy:28)
	at io.restassured.path.json.JsonPath.get(JsonPath.java:203)
	at io.restassured.path.json.JsonPath.getList(JsonPath.java:375)
	at RequestPackage.RestAPIPostRequest.Post(RestAPIPostRequest.java:42)
	at sun.reflect.NativeMethodAccessorImpl.invoke0(Native Method)
	at sun.reflect.NativeMethodAccessorImpl.invoke(Unknown Source)
	at sun.reflect.DelegatingMethodAccessorImpl.invoke(Unknown Source)
	at java.lang.reflect.Method.invoke(Unknown Source)
	at org.testng.internal.MethodInvocationHelper.invokeMethod(MethodInvocationHelper.java:86)
	at org.testng.internal.Invoker.invokeMethod(Invoker.java:643)
	at org.testng.internal.Invoker.invokeTestMethod(Invoker.java:820)
	at org.testng.internal.Invoker.invokeTestMethods(Invoker.java:1128)
	at org.testng.internal.TestMethodWorker.invokeTestMethods(TestMethodWorker.java:129)
	at org.testng.internal.TestMethodWorker.run(TestMethodWorker.java:112)
	at org.testng.TestRunner.privateRun(TestRunner.java:782)
	at org.testng.TestRunner.run(TestRunner.java:632)
	at org.testng.SuiteRunner.runTest(SuiteRunner.java:366)
	at org.testng.SuiteRunner.runSequentially(SuiteRunner.java:361)
	at org.testng.SuiteRunner.privateRun(SuiteRunner.java:319)
	at org.testng.SuiteRunner.run(SuiteRunner.java:268)
	at org.testng.SuiteRunnerWorker.runSuite(SuiteRunnerWorker.java:52)
	at org.testng.SuiteRunnerWorker.run(SuiteRunnerWorker.java:86)
	at org.testng.TestNG.runSuitesSequentially(TestNG.java:1244)
	at org.testng.TestNG.runSuitesLocally(TestNG.java:1169)
	at org.testng.TestNG.run(TestNG.java:1064)
	at org.testng.remote.AbstractRemoteTestNG.run(AbstractRemoteTestNG.java:126)
	at org.testng.remote.RemoteTestNG.initAndRun(RemoteTestNG.java:137)
	at org.testng.remote.RemoteTestNG.main(RemoteTestNG.java:58)
Caused by: org.codehaus.groovy.control.MultipleCompilationErrorsException: startup failed:
Script1.groovy: 1: expecting '}', found ':' @ line 1, column 34.
   restAssuredJsonRootObject.{"name":"morpheus","job":"leader","id":"192","createdAt":"2021-08-14T08:15:00.781Z"}
                                    ^

1 error

	at org.codehaus.groovy.control.ErrorCollector.failIfErrors(ErrorCollector.java:311)
	at org.codehaus.groovy.control.ErrorCollector.addFatalError(ErrorCollector.java:151)
	at org.codehaus.groovy.control.ErrorCollector.addError(ErrorCollector.java:121)
	at org.codehaus.groovy.control.ErrorCollector.addError(ErrorCollector.java:133)
	at org.codehaus.groovy.control.SourceUnit.addError(SourceUnit.java:325)
	at org.codehaus.groovy.antlr.AntlrParserPlugin.transformCSTIntoAST(AntlrParserPlugin.java:224)
	at org.codehaus.groovy.antlr.AntlrParserPlugin.parseCST(AntlrParserPlugin.java:190)
	at org.codehaus.groovy.control.SourceUnit.parse(SourceUnit.java:226)
	at org.codehaus.groovy.control.CompilationUnit$1.call(CompilationUnit.java:196)
	at org.codehaus.groovy.control.CompilationUnit.applyToSourceUnits(CompilationUnit.java:965)
	at org.codehaus.groovy.control.CompilationUnit.doPhaseOperation(CompilationUnit.java:647)
	at org.codehaus.groovy.control.CompilationUnit.processPhaseOperations(CompilationUnit.java:623)
	at org.codehaus.groovy.control.CompilationUnit.compile(CompilationUnit.java:600)
	at groovy.lang.GroovyClassLoader.doParseClass(GroovyClassLoader.java:390)
	at groovy.lang.GroovyClassLoader.access$300(GroovyClassLoader.java:89)
	at groovy.lang.GroovyClassLoader$5.provide(GroovyClassLoader.java:330)
	at groovy.lang.GroovyClassLoader$5.provide(GroovyClassLoader.java:327)
	at org.codehaus.groovy.runtime.memoize.ConcurrentCommonCache.getAndPut(ConcurrentCommonCache.java:147)
	at groovy.lang.GroovyClassLoader.parseClass(GroovyClassLoader.java:325)
	at groovy.lang.GroovyShell.parseClass(GroovyShell.java:540)
	at groovy.lang.GroovyShell.parse(GroovyShell.java:552)
	at groovy.lang.GroovyShell.evaluate(GroovyShell.java:436)
	at groovy.lang.GroovyShell.evaluate(GroovyShell.java:475)
	at groovy.lang.GroovyShell.evaluate(GroovyShell.java:446)
	at sun.reflect.NativeMethodAccessorImpl.invoke0(Native Method)
	at sun.reflect.NativeMethodAccessorImpl.invoke(Unknown Source)
	at sun.reflect.DelegatingMethodAccessorImpl.invoke(Unknown Source)
	at java.lang.reflect.Method.invoke(Unknown Source)
	at org.codehaus.groovy.runtime.callsite.PlainObjectMetaMethodSite.doInvoke(PlainObjectMetaMethodSite.java:43)
	at org.codehaus.groovy.runtime.callsite.PogoMetaMethodSite$PogoCachedMethodSiteNoUnwrap.invoke(PogoMetaMethodSite.java:179)
	at org.codehaus.groovy.runtime.callsite.PogoMetaMethodSite.call(PogoMetaMethodSite.java:70)
	at org.codehaus.groovy.runtime.callsite.AbstractCallSite.call(AbstractCallSite.java:127)
	at io.restassured.internal.path.json.JSONAssertion.eval(JSONAssertion.groovy:80)
	at sun.reflect.NativeMethodAccessorImpl.invoke0(Native Method)
	at sun.reflect.NativeMethodAccessorImpl.invoke(Unknown Source)
	at sun.reflect.DelegatingMethodAccessorImpl.invoke(Unknown Source)
	at java.lang.reflect.Method.invoke(Unknown Source)
	at org.codehaus.groovy.runtime.callsite.PlainObjectMetaMethodSite.doInvoke(PlainObjectMetaMethodSite.java:43)
	at org.codehaus.groovy.runtime.callsite.PogoMetaMethodSite$PogoCachedMethodSiteNoUnwrapNoCoerce.invoke(PogoMetaMethodSite.java:190)
	at org.codehaus.groovy.runtime.callsite.PogoMetaMethodSite.callCurrent(PogoMetaMethodSite.java:58)
	at org.codehaus.groovy.runtime.callsite.AbstractCallSite.callCurrent(AbstractCallSite.java:184)
	at io.restassured.internal.path.json.JSONAssertion.getAsJsonObject(JSONAssertion.groovy:46)
	... 29 more
]]>
    </error>
  </testcase> <!-- Post -->
</testsuite> <!-- RequestPackage.RestAPIPostRequest -->
